ERROR - 2016-05-10T16:53:56.660 : PROBLEME DE COOKIE [Ljava.lang.StackTraceElement;@3960218a
ERROR - 2016-05-10T18:04:03.519 : PROBLEME DE COOKIE [Ljava.lang.StackTraceElement;@37afb40
ERROR - 2016-05-10T18:04:21.338 : PROBLEME DE COOKIE [Ljava.lang.StackTraceElement;@54837eb3
ERROR - 2016-05-10T18:04:42.674 : PROBLEME DE COOKIE [Ljava.lang.StackTraceElement;@3524cead
ERROR - 2016-05-10T18:04:59.506 : PROBLEME DE COOKIE [Ljava.lang.StackTraceElement;@40df42d
ERROR - 2016-05-10T18:05:24.125 : Combinaison login, mdp incorrecte. [Ljava.lang.StackTraceElement;@65b9ebd7
ERROR - 2016-05-10T18:05:56.266 : PROBLEME DE COOKIE [Ljava.lang.StackTraceElement;@5499cc81
ERROR - 2016-05-10T18:10:55.476 : PROBLEME DE COOKIE [Ljava.lang.StackTraceElement;@7999bdee
ERROR - 2016-05-10T18:13:10.855 : PROBLEME DE COOKIE [Ljava.lang.StackTraceElement;@79ac86fa
ERROR - 2016-05-10T18:14:21.402 : l'utilisateur n'a pas de code bic ou de compte bancaire associé [Ljava.lang.StackTraceElement;@c9e972d
ERROR - 2016-05-10T18:16:05.598 : l'utilisateur n'a pas de code bic ou de compte bancaire associé [Ljava.lang.StackTraceElement;@25f4def4
ERROR - 2016-05-10T18:16:43.539 : l'utilisateur n'a pas de code bic ou de compte bancaire associé [Ljava.lang.StackTraceElement;@3376c4bb
ERROR - 2016-05-10T18:16:50.928 : l'utilisateur n'a pas de code bic ou de compte bancaire associé [Ljava.lang.StackTraceElement;@74a13b36
ERROR - 2016-05-10T18:16:56.975 : l'utilisateur n'a pas de code bic ou de compte bancaire associé [Ljava.lang.StackTraceElement;@149263a6
ERROR - 2016-05-11T09:18:07.254 : PROBLEME DE COOKIE [Ljava.lang.StackTraceElement;@3a6a48b6
ERROR - 2016-05-11T09:19:09.929 : numero de compte invalide  [Ljava.lang.StackTraceElement;@3ce57ead
ERROR - 2016-05-11T09:19:20.321 : code bic invalide  [Ljava.lang.StackTraceElement;@3edc78d4
ERROR - 2016-05-11T09:19:33.820 : code bic invalide  [Ljava.lang.StackTraceElement;@6ec47206
ERROR - 2016-05-11T09:19:47.012 : code bic invalide  [Ljava.lang.StackTraceElement;@49c45869
ERROR - 2016-05-11T09:20:24.935 : PROBLEME DE COOKIE [Ljava.lang.StackTraceElement;@3fd86e48
ERROR - 2016-05-11T09:25:46.003 : PROBLEME DE COOKIE [Ljava.lang.StackTraceElement;@4a2cb463
